12:46:02.525 [Test worker] ERROR i.g.a.c.e.exam.db.builder.ExamTable.getValue - Fail to get value SECURITY_ID[0, SECURITY]
com.github.jknack.handlebars.HandlebarsException: inline@3070396c:1:2: java.lang.IllegalStateException: could not execute helper: security
    inline@3070396c:1:2
	at com.github.jknack.handlebars.helper.MethodHelper.launderThrowable(MethodHelper.java:151)
	at com.github.jknack.handlebars.helper.MethodHelper.apply(MethodHelper.java:86)
	at com.github.jknack.handlebars.internal.Variable.value(Variable.java:167)
	at com.github.jknack.handlebars.internal.Variable.merge(Variable.java:146)
	at com.github.jknack.handlebars.internal.BaseTemplate.apply(BaseTemplate.java:126)
	at com.github.jknack.handlebars.internal.TemplateList.merge(TemplateList.java:95)
	at com.github.jknack.handlebars.internal.BaseTemplate.apply(BaseTemplate.java:126)
	at com.github.jknack.handlebars.internal.BaseTemplate.apply(BaseTemplate.java:114)
	at com.github.jknack.handlebars.internal.ForwardingTemplate.apply(ForwardingTemplate.java:100)
	at io.github.adven27.concordion.extensions.exam.core.handlebars.HandlebarsSupportKt.resolve(HandlebarsSupport.kt:51)
	at io.github.adven27.concordion.extensions.exam.core.handlebars.HandlebarsSupportKt.resolveObj(HandlebarsSupport.kt:57)
	at io.github.adven27.concordion.extensions.exam.core.PlaceholdersResolver.resolveToObj(PlaceholdersResolver.kt:20)
	at io.github.adven27.concordion.extensions.exam.db.builder.ExamTable.getValue(DataSet.kt:172)
	at io.github.adven27.concordion.extensions.exam.db.builder.ExamTable.getValue(DataSet.kt:168)
	at org.dbunit.operation.AbstractBatchOperation.isEmpty(AbstractBatchOperation.java:77)
	at org.dbunit.operation.AbstractBatchOperation.execute(AbstractBatchOperation.java:145)
	at org.dbunit.operation.CompositeOperation.execute(CompositeOperation.java:79)
	at io.github.adven27.concordion.extensions.exam.db.commands.set.SetCommand.setUp(SetCommand.kt:37)
	at io.github.adven27.concordion.extensions.exam.db.commands.set.SetCommand.setUp(SetCommand.kt:20)
	at io.github.adven27.concordion.extensions.exam.core.commands.ExamSetUpCommand.setUp(ExamVerifyCommand.kt:96)
	at org.concordion.api.AbstractCommandDecorator$1.run(AbstractCommandDecorator.java:17)
	at org.concordion.internal.command.LocalTextDecorator.process(LocalTextDecorator.java:26)
	at org.concordion.api.AbstractCommandDecorator.setUp(AbstractCommandDecorator.java:15)
	at org.concordion.api.AbstractCommandDecorator$1.run(AbstractCommandDecorator.java:17)
	at org.concordion.internal.command.ThrowableCatchingDecorator.process(ThrowableCatchingDecorator.java:38)
	at org.concordion.api.AbstractCommandDecorator.setUp(AbstractCommandDecorator.java:15)
	at org.concordion.api.CommandCall.setUp(CommandCall.java:64)
	at org.concordion.api.CommandCallList.processSequentially(CommandCallList.java:32)
	at io.github.adven27.concordion.extensions.exam.core.commands.ExamCommand.execute(ExamCommand.kt:62)
	at org.concordion.api.AbstractCommandDecorator$2.run(AbstractCommandDecorator.java:25)
	at org.concordion.internal.command.LocalTextDecorator.process(LocalTextDecorator.java:26)
	at org.concordion.api.AbstractCommandDecorator.execute(AbstractCommandDecorator.java:23)
	at org.concordion.api.AbstractCommandDecorator$2.run(AbstractCommandDecorator.java:25)
	at org.concordion.internal.command.ThrowableCatchingDecorator.process(ThrowableCatchingDecorator.java:38)
	at org.concordion.api.AbstractCommandDecorator.execute(AbstractCommandDecorator.java:23)
	at org.concordion.api.CommandCall.execute(CommandCall.java:72)
	at org.concordion.api.CommandCallList.processSequentially(CommandCallList.java:33)
	at io.github.adven27.concordion.extensions.exam.core.commands.ExamCommand.execute(ExamCommand.kt:62)
	at org.concordion.api.AbstractCommandDecorator$2.run(AbstractCommandDecorator.java:25)
	at org.concordion.internal.command.LocalTextDecorator.process(LocalTextDecorator.java:26)
	at org.concordion.api.AbstractCommandDecorator.execute(AbstractCommandDecorator.java:23)
	at org.concordion.api.AbstractCommandDecorator$2.run(AbstractCommandDecorator.java:25)
	at org.concordion.internal.command.ThrowableCatchingDecorator.process(ThrowableCatchingDecorator.java:38)
	at org.concordion.api.AbstractCommandDecorator.execute(AbstractCommandDecorator.java:23)
	at org.concordion.api.CommandCall.execute(CommandCall.java:72)
	at org.concordion.api.CommandCallList.processSequentially(CommandCallList.java:33)
	at org.concordion.internal.command.ExampleCommand.execute(ExampleCommand.java:49)
	at org.concordion.api.AbstractCommandDecorator$2.run(AbstractCommandDecorator.java:25)
	at org.concordion.internal.command.LocalTextDecorator.process(LocalTextDecorator.java:26)
	at org.concordion.api.AbstractCommandDecorator.execute(AbstractCommandDecorator.java:23)
	at org.concordion.api.AbstractCommandDecorator$2.run(AbstractCommandDecorator.java:25)
	at org.concordion.internal.command.ThrowableCatchingDecorator.process(ThrowableCatchingDecorator.java:38)
	at org.concordion.api.AbstractCommandDecorator.execute(AbstractCommandDecorator.java:23)
	at org.concordion.api.CommandCall.execute(CommandCall.java:72)
	at org.concordion.internal.XMLSpecification.processNode(XMLSpecification.java:60)
	at org.concordion.internal.XMLSpecification.processExample(XMLSpecification.java:76)
	at org.concordion.Concordion.processExample(Concordion.java:92)
	at org.concordion.internal.FixtureRunner.run(FixtureRunner.java:41)
	at org.concordion.integration.junit4.ConcordionRunner.invoke(ConcordionRunner.java:207)
	at org.concordion.integration.junit4.ConcordionRunner$1.invoke(ConcordionRunner.java:31)
	at org.concordion.integration.junit4.ConcordionFrameworkMethod.invokeExplosively(ConcordionFrameworkMethod.java:58)
	at org.junit.internal.runners.statements.InvokeMethod.evaluate(InvokeMethod.java:17)
	at org.junit.runners.ParentRunner$3.evaluate(ParentRunner.java:306)
	at org.junit.runners.BlockJUnit4ClassRunner$1.evaluate(BlockJUnit4ClassRunner.java:100)
	at org.junit.runners.ParentRunner.runLeaf(ParentRunner.java:366)
	at org.junit.runners.BlockJUnit4ClassRunner.runChild(BlockJUnit4ClassRunner.java:103)
	at org.concordion.integration.junit4.ConcordionRunner.runChild(ConcordionRunner.java:191)
	at org.concordion.integration.junit4.ConcordionRunner.runChild(ConcordionRunner.java:23)
	at org.junit.runners.ParentRunner$4.run(ParentRunner.java:331)
	at org.junit.runners.ParentRunner$1.schedule(ParentRunner.java:79)
	at org.junit.runners.ParentRunner.runChildren(ParentRunner.java:329)
	at org.junit.runners.ParentRunner.access$100(ParentRunner.java:66)
	at org.junit.runners.ParentRunner$2.evaluate(ParentRunner.java:293)
	at org.junit.runners.ParentRunner$3.evaluate(ParentRunner.java:306)
	at org.junit.runners.ParentRunner.run(ParentRunner.java:413)
	at org.concordion.integration.junit4.ConcordionRunner.run(ConcordionRunner.java:150)
	at org.junit.runner.JUnitCore.run(JUnitCore.java:137)
	at org.junit.runner.JUnitCore.run(JUnitCore.java:115)
	at org.junit.vintage.engine.execution.RunnerExecutor.execute(RunnerExecutor.java:42)
	at org.junit.vintage.engine.VintageTestEngine.executeAllChildren(VintageTestEngine.java:80)
	at org.junit.vintage.engine.VintageTestEngine.execute(VintageTestEngine.java:72)
	at org.junit.platform.launcher.core.EngineExecutionOrchestrator.execute(EngineExecutionOrchestrator.java:107)
	at org.junit.platform.launcher.core.EngineExecutionOrchestrator.execute(EngineExecutionOrchestrator.java:88)
	at org.junit.platform.launcher.core.EngineExecutionOrchestrator.lambda$execute$0(EngineExecutionOrchestrator.java:54)
	at org.junit.platform.launcher.core.EngineExecutionOrchestrator.withInterceptedStreams(EngineExecutionOrchestrator.java:67)
	at org.junit.platform.launcher.core.EngineExecutionOrchestrator.execute(EngineExecutionOrchestrator.java:52)
	at org.junit.platform.launcher.core.DefaultLauncher.execute(DefaultLauncher.java:114)
	at org.junit.platform.launcher.core.DefaultLauncher.execute(DefaultLauncher.java:86)
	at org.junit.platform.launcher.core.DefaultLauncherSession$DelegatingLauncher.execute(DefaultLauncherSession.java:86)
	at org.gradle.api.internal.tasks.testing.junitplatform.JUnitPlatformTestClassProcessor$CollectAllTestClassesExecutor.processAllTestClasses(JUnitPlatformTestClassProcessor.java:110)
	at org.gradle.api.internal.tasks.testing.junitplatform.JUnitPlatformTestClassProcessor$CollectAllTestClassesExecutor.access$000(JUnitPlatformTestClassProcessor.java:90)
	at org.gradle.api.internal.tasks.testing.junitplatform.JUnitPlatformTestClassProcessor.stop(JUnitPlatformTestClassProcessor.java:85)
	at org.gradle.api.internal.tasks.testing.SuiteTestClassProcessor.stop(SuiteTestClassProcessor.java:62)
	at java.base/jdk.internal.reflect.DirectMethodHandleAccessor.invoke(DirectMethodHandleAccessor.java:104)
	at java.base/java.lang.reflect.Method.invoke(Method.java:577)
	at org.gradle.internal.dispatch.ReflectionDispatch.dispatch(ReflectionDispatch.java:36)
	at org.gradle.internal.dispatch.ReflectionDispatch.dispatch(ReflectionDispatch.java:24)
	at org.gradle.internal.dispatch.ContextClassLoaderDispatch.dispatch(ContextClassLoaderDispatch.java:33)
	at org.gradle.internal.dispatch.ProxyDispatchAdapter$DispatchingInvocationHandler.invoke(ProxyDispatchAdapter.java:94)
	at jdk.proxy2/jdk.proxy2.$Proxy5.stop(Unknown Source)
	at org.gradle.api.internal.tasks.testing.worker.TestWorker$3.run(TestWorker.java:193)
	at org.gradle.api.internal.tasks.testing.worker.TestWorker.executeAndMaintainThreadName(TestWorker.java:129)
	at org.gradle.api.internal.tasks.testing.worker.TestWorker.execute(TestWorker.java:100)
	at org.gradle.api.internal.tasks.testing.worker.TestWorker.execute(TestWorker.java:60)
	at org.gradle.process.internal.worker.child.ActionExecutionWorker.execute(ActionExecutionWorker.java:56)
	at org.gradle.process.internal.worker.child.SystemApplicationClassLoaderWorker.call(SystemApplicationClassLoaderWorker.java:113)
	at org.gradle.process.internal.worker.child.SystemApplicationClassLoaderWorker.call(SystemApplicationClassLoaderWorker.java:65)
	at worker.org.gradle.process.internal.worker.GradleWorkerMain.run(GradleWorkerMain.java:69)
	at worker.org.gradle.process.internal.worker.GradleWorkerMain.main(GradleWorkerMain.java:74)
Caused by: java.lang.IllegalStateException: could not execute helper: security
	... 109 common frames omitted
Caused by: org.postgresql.util.PSQLException: ResultSet not positioned properly, perhaps you need to call next.
	at org.postgresql.jdbc.PgResultSet.getRawValue(PgResultSet.java:3149)
	at org.postgresql.jdbc.PgResultSet.getInt(PgResultSet.java:2387)
	at org.postgresql.jdbc.PgResultSet.getInt(PgResultSet.java:2836)
	at io.github.adven27.concordion.extensions.exam.db.DbHelpers$queryIntFrom$1.invoke(DbPlugin.kt:239)
	at io.github.adven27.concordion.extensions.exam.db.DbHelpers$queryIntFrom$1.invoke(DbPlugin.kt:237)
	at io.github.adven27.concordion.extensions.exam.db.DbTester.useStatement(DbTester.kt:100)
	at io.github.adven27.concordion.extensions.exam.db.DbHelpers.queryIntFrom(DbPlugin.kt:237)
	at specs.DbModelHelpers.security(DbModelHelpers.kt:7)
	at java.base/jdk.internal.reflect.DirectMethodHandleAccessor.invoke(DirectMethodHandleAccessor.java:104)
	at java.base/java.lang.reflect.Method.invoke(Method.java:577)
	at com.github.jknack.handlebars.helper.MethodHelper.apply(MethodHelper.java:79)
	... 107 common frames omitted
12:46:02.545 [Test worker] ERROR i.g.a.c.e.exam.db.builder.ExamTable.getValue - Fail to get value SECURITY_ID[0, SECURITY]
com.github.jknack.handlebars.HandlebarsException: inline@3070396c:1:2: java.lang.IllegalStateException: could not execute helper: security
    inline@3070396c:1:2
	at com.github.jknack.handlebars.helper.MethodHelper.launderThrowable(MethodHelper.java:151)
	at com.github.jknack.handlebars.helper.MethodHelper.apply(MethodHelper.java:86)
	at com.github.jknack.handlebars.internal.Variable.value(Variable.java:167)
	at com.github.jknack.handlebars.internal.Variable.merge(Variable.java:146)
	at com.github.jknack.handlebars.internal.BaseTemplate.apply(BaseTemplate.java:126)
	at com.github.jknack.handlebars.internal.TemplateList.merge(TemplateList.java:95)
	at com.github.jknack.handlebars.internal.BaseTemplate.apply(BaseTemplate.java:126)
	at com.github.jknack.handlebars.internal.BaseTemplate.apply(BaseTemplate.java:114)
	at com.github.jknack.handlebars.internal.ForwardingTemplate.apply(ForwardingTemplate.java:100)
	at io.github.adven27.concordion.extensions.exam.core.handlebars.HandlebarsSupportKt.resolve(HandlebarsSupport.kt:51)
	at io.github.adven27.concordion.extensions.exam.core.handlebars.HandlebarsSupportKt.resolveObj(HandlebarsSupport.kt:57)
	at io.github.adven27.concordion.extensions.exam.core.PlaceholdersResolver.resolveToObj(PlaceholdersResolver.kt:20)
	at io.github.adven27.concordion.extensions.exam.db.builder.ExamTable.getValue(DataSet.kt:172)
	at io.github.adven27.concordion.extensions.exam.db.builder.ExamTable.getValue(DataSet.kt:168)
	at org.dbunit.operation.InsertOperation.getIgnoreMapping(InsertOperation.java:121)
	at org.dbunit.operation.AbstractBatchOperation.execute(AbstractBatchOperation.java:183)
	at org.dbunit.operation.CompositeOperation.execute(CompositeOperation.java:79)
	at io.github.adven27.concordion.extensions.exam.db.commands.set.SetCommand.setUp(SetCommand.kt:37)
	at io.github.adven27.concordion.extensions.exam.db.commands.set.SetCommand.setUp(SetCommand.kt:20)
	at io.github.adven27.concordion.extensions.exam.core.commands.ExamSetUpCommand.setUp(ExamVerifyCommand.kt:96)
	at org.concordion.api.AbstractCommandDecorator$1.run(AbstractCommandDecorator.java:17)
	at org.concordion.internal.command.LocalTextDecorator.process(LocalTextDecorator.java:26)
	at org.concordion.api.AbstractCommandDecorator.setUp(AbstractCommandDecorator.java:15)
	at org.concordion.api.AbstractCommandDecorator$1.run(AbstractCommandDecorator.java:17)
	at org.concordion.internal.command.ThrowableCatchingDecorator.process(ThrowableCatchingDecorator.java:38)
	at org.concordion.api.AbstractCommandDecorator.setUp(AbstractCommandDecorator.java:15)
	at org.concordion.api.CommandCall.setUp(CommandCall.java:64)
	at org.concordion.api.CommandCallList.processSequentially(CommandCallList.java:32)
	at io.github.adven27.concordion.extensions.exam.core.commands.ExamCommand.execute(ExamCommand.kt:62)
	at org.concordion.api.AbstractCommandDecorator$2.run(AbstractCommandDecorator.java:25)
	at org.concordion.internal.command.LocalTextDecorator.process(LocalTextDecorator.java:26)
	at org.concordion.api.AbstractCommandDecorator.execute(AbstractCommandDecorator.java:23)
	at org.concordion.api.AbstractCommandDecorator$2.run(AbstractCommandDecorator.java:25)
	at org.concordion.internal.command.ThrowableCatchingDecorator.process(ThrowableCatchingDecorator.java:38)
	at org.concordion.api.AbstractCommandDecorator.execute(AbstractCommandDecorator.java:23)
	at org.concordion.api.CommandCall.execute(CommandCall.java:72)
	at org.concordion.api.CommandCallList.processSequentially(CommandCallList.java:33)
	at io.github.adven27.concordion.extensions.exam.core.commands.ExamCommand.execute(ExamCommand.kt:62)
	at org.concordion.api.AbstractCommandDecorator$2.run(AbstractCommandDecorator.java:25)
	at org.concordion.internal.command.LocalTextDecorator.process(LocalTextDecorator.java:26)
	at org.concordion.api.AbstractCommandDecorator.execute(AbstractCommandDecorator.java:23)
	at org.concordion.api.AbstractCommandDecorator$2.run(AbstractCommandDecorator.java:25)
	at org.concordion.internal.command.ThrowableCatchingDecorator.process(ThrowableCatchingDecorator.java:38)
	at org.concordion.api.AbstractCommandDecorator.execute(AbstractCommandDecorator.java:23)
	at org.concordion.api.CommandCall.execute(CommandCall.java:72)
	at org.concordion.api.CommandCallList.processSequentially(CommandCallList.java:33)
	at org.concordion.internal.command.ExampleCommand.execute(ExampleCommand.java:49)
	at org.concordion.api.AbstractCommandDecorator$2.run(AbstractCommandDecorator.java:25)
	at org.concordion.internal.command.LocalTextDecorator.process(LocalTextDecorator.java:26)
	at org.concordion.api.AbstractCommandDecorator.execute(AbstractCommandDecorator.java:23)
	at org.concordion.api.AbstractCommandDecorator$2.run(AbstractCommandDecorator.java:25)
	at org.concordion.internal.command.ThrowableCatchingDecorator.process(ThrowableCatchingDecorator.java:38)
	at org.concordion.api.AbstractCommandDecorator.execute(AbstractCommandDecorator.java:23)
	at org.concordion.api.CommandCall.execute(CommandCall.java:72)
	at org.concordion.internal.XMLSpecification.processNode(XMLSpecification.java:60)
	at org.concordion.internal.XMLSpecification.processExample(XMLSpecification.java:76)
	at org.concordion.Concordion.processExample(Concordion.java:92)
	at org.concordion.internal.FixtureRunner.run(FixtureRunner.java:41)
	at org.concordion.integration.junit4.ConcordionRunner.invoke(ConcordionRunner.java:207)
	at org.concordion.integration.junit4.ConcordionRunner$1.invoke(ConcordionRunner.java:31)
	at org.concordion.integration.junit4.ConcordionFrameworkMethod.invokeExplosively(ConcordionFrameworkMethod.java:58)
	at org.junit.internal.runners.statements.InvokeMethod.evaluate(InvokeMethod.java:17)
	at org.junit.runners.ParentRunner$3.evaluate(ParentRunner.java:306)
	at org.junit.runners.BlockJUnit4ClassRunner$1.evaluate(BlockJUnit4ClassRunner.java:100)
	at org.junit.runners.ParentRunner.runLeaf(ParentRunner.java:366)
	at org.junit.runners.BlockJUnit4ClassRunner.runChild(BlockJUnit4ClassRunner.java:103)
	at org.concordion.integration.junit4.ConcordionRunner.runChild(ConcordionRunner.java:191)
	at org.concordion.integration.junit4.ConcordionRunner.runChild(ConcordionRunner.java:23)
	at org.junit.runners.ParentRunner$4.run(ParentRunner.java:331)
	at org.junit.runners.ParentRunner$1.schedule(ParentRunner.java:79)
	at org.junit.runners.ParentRunner.runChildren(ParentRunner.java:329)
	at org.junit.runners.ParentRunner.access$100(ParentRunner.java:66)
	at org.junit.runners.ParentRunner$2.evaluate(ParentRunner.java:293)
	at org.junit.runners.ParentRunner$3.evaluate(ParentRunner.java:306)
	at org.junit.runners.ParentRunner.run(ParentRunner.java:413)
	at org.concordion.integration.junit4.ConcordionRunner.run(ConcordionRunner.java:150)
	at org.junit.runner.JUnitCore.run(JUnitCore.java:137)
	at org.junit.runner.JUnitCore.run(JUnitCore.java:115)
	at org.junit.vintage.engine.execution.RunnerExecutor.execute(RunnerExecutor.java:42)
	at org.junit.vintage.engine.VintageTestEngine.executeAllChildren(VintageTestEngine.java:80)
	at org.junit.vintage.engine.VintageTestEngine.execute(VintageTestEngine.java:72)
	at org.junit.platform.launcher.core.EngineExecutionOrchestrator.execute(EngineExecutionOrchestrator.java:107)
	at org.junit.platform.launcher.core.EngineExecutionOrchestrator.execute(EngineExecutionOrchestrator.java:88)
	at org.junit.platform.launcher.core.EngineExecutionOrchestrator.lambda$execute$0(EngineExecutionOrchestrator.java:54)
	at org.junit.platform.launcher.core.EngineExecutionOrchestrator.withInterceptedStreams(EngineExecutionOrchestrator.java:67)
	at org.junit.platform.launcher.core.EngineExecutionOrchestrator.execute(EngineExecutionOrchestrator.java:52)
	at org.junit.platform.launcher.core.DefaultLauncher.execute(DefaultLauncher.java:114)
	at org.junit.platform.launcher.core.DefaultLauncher.execute(DefaultLauncher.java:86)
	at org.junit.platform.launcher.core.DefaultLauncherSession$DelegatingLauncher.execute(DefaultLauncherSession.java:86)
	at org.gradle.api.internal.tasks.testing.junitplatform.JUnitPlatformTestClassProcessor$CollectAllTestClassesExecutor.processAllTestClasses(JUnitPlatformTestClassProcessor.java:110)
	at org.gradle.api.internal.tasks.testing.junitplatform.JUnitPlatformTestClassProcessor$CollectAllTestClassesExecutor.access$000(JUnitPlatformTestClassProcessor.java:90)
	at org.gradle.api.internal.tasks.testing.junitplatform.JUnitPlatformTestClassProcessor.stop(JUnitPlatformTestClassProcessor.java:85)
	at org.gradle.api.internal.tasks.testing.SuiteTestClassProcessor.stop(SuiteTestClassProcessor.java:62)
	at java.base/jdk.internal.reflect.DirectMethodHandleAccessor.invoke(DirectMethodHandleAccessor.java:104)
	at java.base/java.lang.reflect.Method.invoke(Method.java:577)
	at org.gradle.internal.dispatch.ReflectionDispatch.dispatch(ReflectionDispatch.java:36)
	at org.gradle.internal.dispatch.ReflectionDispatch.dispatch(ReflectionDispatch.java:24)
	at org.gradle.internal.dispatch.ContextClassLoaderDispatch.dispatch(ContextClassLoaderDispatch.java:33)
	at org.gradle.internal.dispatch.ProxyDispatchAdapter$DispatchingInvocationHandler.invoke(ProxyDispatchAdapter.java:94)
	at jdk.proxy2/jdk.proxy2.$Proxy5.stop(Unknown Source)
	at org.gradle.api.internal.tasks.testing.worker.TestWorker$3.run(TestWorker.java:193)
	at org.gradle.api.internal.tasks.testing.worker.TestWorker.executeAndMaintainThreadName(TestWorker.java:129)
	at org.gradle.api.internal.tasks.testing.worker.TestWorker.execute(TestWorker.java:100)
	at org.gradle.api.internal.tasks.testing.worker.TestWorker.execute(TestWorker.java:60)
	at org.gradle.process.internal.worker.child.ActionExecutionWorker.execute(ActionExecutionWorker.java:56)
	at org.gradle.process.internal.worker.child.SystemApplicationClassLoaderWorker.call(SystemApplicationClassLoaderWorker.java:113)
	at org.gradle.process.internal.worker.child.SystemApplicationClassLoaderWorker.call(SystemApplicationClassLoaderWorker.java:65)
	at worker.org.gradle.process.internal.worker.GradleWorkerMain.run(GradleWorkerMain.java:69)
	at worker.org.gradle.process.internal.worker.GradleWorkerMain.main(GradleWorkerMain.java:74)
Caused by: java.lang.IllegalStateException: could not execute helper: security
	... 109 common frames omitted
Caused by: org.postgresql.util.PSQLException: ResultSet not positioned properly, perhaps you need to call next.
	at org.postgresql.jdbc.PgResultSet.getRawValue(PgResultSet.java:3149)
	at org.postgresql.jdbc.PgResultSet.getInt(PgResultSet.java:2387)
	at org.postgresql.jdbc.PgResultSet.getInt(PgResultSet.java:2836)
	at io.github.adven27.concordion.extensions.exam.db.DbHelpers$queryIntFrom$1.invoke(DbPlugin.kt:239)
	at io.github.adven27.concordion.extensions.exam.db.DbHelpers$queryIntFrom$1.invoke(DbPlugin.kt:237)
	at io.github.adven27.concordion.extensions.exam.db.DbTester.useStatement(DbTester.kt:100)
	at io.github.adven27.concordion.extensions.exam.db.DbHelpers.queryIntFrom(DbPlugin.kt:237)
	at specs.DbModelHelpers.security(DbModelHelpers.kt:7)
	at java.base/jdk.internal.reflect.DirectMethodHandleAccessor.invoke(DirectMethodHandleAccessor.java:104)
	at java.base/java.lang.reflect.Method.invoke(Method.java:577)
	at com.github.jknack.handlebars.helper.MethodHelper.apply(MethodHelper.java:79)
	... 107 common frames omitted
12:46:02.547 [Test worker] ERROR i.g.a.c.e.exam.db.builder.ExamTable.getValue - Fail to get value SECURITY_ID[0, security]
com.github.jknack.handlebars.HandlebarsException: inline@3070396c:1:2: java.lang.IllegalStateException: could not execute helper: security
    inline@3070396c:1:2
	at com.github.jknack.handlebars.helper.MethodHelper.launderThrowable(MethodHelper.java:151)
	at com.github.jknack.handlebars.helper.MethodHelper.apply(MethodHelper.java:86)
	at com.github.jknack.handlebars.internal.Variable.value(Variable.java:167)
	at com.github.jknack.handlebars.internal.Variable.merge(Variable.java:146)
	at com.github.jknack.handlebars.internal.BaseTemplate.apply(BaseTemplate.java:126)
	at com.github.jknack.handlebars.internal.TemplateList.merge(TemplateList.java:95)
	at com.github.jknack.handlebars.internal.BaseTemplate.apply(BaseTemplate.java:126)
	at com.github.jknack.handlebars.internal.BaseTemplate.apply(BaseTemplate.java:114)
	at com.github.jknack.handlebars.internal.ForwardingTemplate.apply(ForwardingTemplate.java:100)
	at io.github.adven27.concordion.extensions.exam.core.handlebars.HandlebarsSupportKt.resolve(HandlebarsSupport.kt:51)
	at io.github.adven27.concordion.extensions.exam.core.handlebars.HandlebarsSupportKt.resolveObj(HandlebarsSupport.kt:57)
	at io.github.adven27.concordion.extensions.exam.core.PlaceholdersResolver.resolveToObj(PlaceholdersResolver.kt:20)
	at io.github.adven27.concordion.extensions.exam.db.builder.ExamTable.getValue(DataSet.kt:172)
	at io.github.adven27.concordion.extensions.exam.db.builder.ExamTable.getValue(DataSet.kt:168)
	at org.dbunit.operation.AbstractBatchOperation.execute(AbstractBatchOperation.java:203)
	at org.dbunit.operation.CompositeOperation.execute(CompositeOperation.java:79)
	at io.github.adven27.concordion.extensions.exam.db.commands.set.SetCommand.setUp(SetCommand.kt:37)
	at io.github.adven27.concordion.extensions.exam.db.commands.set.SetCommand.setUp(SetCommand.kt:20)
	at io.github.adven27.concordion.extensions.exam.core.commands.ExamSetUpCommand.setUp(ExamVerifyCommand.kt:96)
	at org.concordion.api.AbstractCommandDecorator$1.run(AbstractCommandDecorator.java:17)
	at org.concordion.internal.command.LocalTextDecorator.process(LocalTextDecorator.java:26)
	at org.concordion.api.AbstractCommandDecorator.setUp(AbstractCommandDecorator.java:15)
	at org.concordion.api.AbstractCommandDecorator$1.run(AbstractCommandDecorator.java:17)
	at org.concordion.internal.command.ThrowableCatchingDecorator.process(ThrowableCatchingDecorator.java:38)
	at org.concordion.api.AbstractCommandDecorator.setUp(AbstractCommandDecorator.java:15)
	at org.concordion.api.CommandCall.setUp(CommandCall.java:64)
	at org.concordion.api.CommandCallList.processSequentially(CommandCallList.java:32)
	at io.github.adven27.concordion.extensions.exam.core.commands.ExamCommand.execute(ExamCommand.kt:62)
	at org.concordion.api.AbstractCommandDecorator$2.run(AbstractCommandDecorator.java:25)
	at org.concordion.internal.command.LocalTextDecorator.process(LocalTextDecorator.java:26)
	at org.concordion.api.AbstractCommandDecorator.execute(AbstractCommandDecorator.java:23)
	at org.concordion.api.AbstractCommandDecorator$2.run(AbstractCommandDecorator.java:25)
	at org.concordion.internal.command.ThrowableCatchingDecorator.process(ThrowableCatchingDecorator.java:38)
	at org.concordion.api.AbstractCommandDecorator.execute(AbstractCommandDecorator.java:23)
	at org.concordion.api.CommandCall.execute(CommandCall.java:72)
	at org.concordion.api.CommandCallList.processSequentially(CommandCallList.java:33)
	at io.github.adven27.concordion.extensions.exam.core.commands.ExamCommand.execute(ExamCommand.kt:62)
	at org.concordion.api.AbstractCommandDecorator$2.run(AbstractCommandDecorator.java:25)
	at org.concordion.internal.command.LocalTextDecorator.process(LocalTextDecorator.java:26)
	at org.concordion.api.AbstractCommandDecorator.execute(AbstractCommandDecorator.java:23)
	at org.concordion.api.AbstractCommandDecorator$2.run(AbstractCommandDecorator.java:25)
	at org.concordion.internal.command.ThrowableCatchingDecorator.process(ThrowableCatchingDecorator.java:38)
	at org.concordion.api.AbstractCommandDecorator.execute(AbstractCommandDecorator.java:23)
	at org.concordion.api.CommandCall.execute(CommandCall.java:72)
	at org.concordion.api.CommandCallList.processSequentially(CommandCallList.java:33)
	at org.concordion.internal.command.ExampleCommand.execute(ExampleCommand.java:49)
	at org.concordion.api.AbstractCommandDecorator$2.run(AbstractCommandDecorator.java:25)
	at org.concordion.internal.command.LocalTextDecorator.process(LocalTextDecorator.java:26)
	at org.concordion.api.AbstractCommandDecorator.execute(AbstractCommandDecorator.java:23)
	at org.concordion.api.AbstractCommandDecorator$2.run(AbstractCommandDecorator.java:25)
	at org.concordion.internal.command.ThrowableCatchingDecorator.process(ThrowableCatchingDecorator.java:38)
	at org.concordion.api.AbstractCommandDecorator.execute(AbstractCommandDecorator.java:23)
	at org.concordion.api.CommandCall.execute(CommandCall.java:72)
	at org.concordion.internal.XMLSpecification.processNode(XMLSpecification.java:60)
	at org.concordion.internal.XMLSpecification.processExample(XMLSpecification.java:76)
	at org.concordion.Concordion.processExample(Concordion.java:92)
	at org.concordion.internal.FixtureRunner.run(FixtureRunner.java:41)
	at org.concordion.integration.junit4.ConcordionRunner.invoke(ConcordionRunner.java:207)
	at org.concordion.integration.junit4.ConcordionRunner$1.invoke(ConcordionRunner.java:31)
	at org.concordion.integration.junit4.ConcordionFrameworkMethod.invokeExplosively(ConcordionFrameworkMethod.java:58)
	at org.junit.internal.runners.statements.InvokeMethod.evaluate(InvokeMethod.java:17)
	at org.junit.runners.ParentRunner$3.evaluate(ParentRunner.java:306)
	at org.junit.runners.BlockJUnit4ClassRunner$1.evaluate(BlockJUnit4ClassRunner.java:100)
	at org.junit.runners.ParentRunner.runLeaf(ParentRunner.java:366)
	at org.junit.runners.BlockJUnit4ClassRunner.runChild(BlockJUnit4ClassRunner.java:103)
	at org.concordion.integration.junit4.ConcordionRunner.runChild(ConcordionRunner.java:191)
	at org.concordion.integration.junit4.ConcordionRunner.runChild(ConcordionRunner.java:23)
	at org.junit.runners.ParentRunner$4.run(ParentRunner.java:331)
	at org.junit.runners.ParentRunner$1.schedule(ParentRunner.java:79)
	at org.junit.runners.ParentRunner.runChildren(ParentRunner.java:329)
	at org.junit.runners.ParentRunner.access$100(ParentRunner.java:66)
	at org.junit.runners.ParentRunner$2.evaluate(ParentRunner.java:293)
	at org.junit.runners.ParentRunner$3.evaluate(ParentRunner.java:306)
	at org.junit.runners.ParentRunner.run(ParentRunner.java:413)
	at org.concordion.integration.junit4.ConcordionRunner.run(ConcordionRunner.java:150)
	at org.junit.runner.JUnitCore.run(JUnitCore.java:137)
	at org.junit.runner.JUnitCore.run(JUnitCore.java:115)
	at org.junit.vintage.engine.execution.RunnerExecutor.execute(RunnerExecutor.java:42)
	at org.junit.vintage.engine.VintageTestEngine.executeAllChildren(VintageTestEngine.java:80)
	at org.junit.vintage.engine.VintageTestEngine.execute(VintageTestEngine.java:72)
	at org.junit.platform.launcher.core.EngineExecutionOrchestrator.execute(EngineExecutionOrchestrator.java:107)
	at org.junit.platform.launcher.core.EngineExecutionOrchestrator.execute(EngineExecutionOrchestrator.java:88)
	at org.junit.platform.launcher.core.EngineExecutionOrchestrator.lambda$execute$0(EngineExecutionOrchestrator.java:54)
	at org.junit.platform.launcher.core.EngineExecutionOrchestrator.withInterceptedStreams(EngineExecutionOrchestrator.java:67)
	at org.junit.platform.launcher.core.EngineExecutionOrchestrator.execute(EngineExecutionOrchestrator.java:52)
	at org.junit.platform.launcher.core.DefaultLauncher.execute(DefaultLauncher.java:114)
	at org.junit.platform.launcher.core.DefaultLauncher.execute(DefaultLauncher.java:86)
	at org.junit.platform.launcher.core.DefaultLauncherSession$DelegatingLauncher.execute(DefaultLauncherSession.java:86)
	at org.gradle.api.internal.tasks.testing.junitplatform.JUnitPlatformTestClassProcessor$CollectAllTestClassesExecutor.processAllTestClasses(JUnitPlatformTestClassProcessor.java:110)
	at org.gradle.api.internal.tasks.testing.junitplatform.JUnitPlatformTestClassProcessor$CollectAllTestClassesExecutor.access$000(JUnitPlatformTestClassProcessor.java:90)
	at org.gradle.api.internal.tasks.testing.junitplatform.JUnitPlatformTestClassProcessor.stop(JUnitPlatformTestClassProcessor.java:85)
	at org.gradle.api.internal.tasks.testing.SuiteTestClassProcessor.stop(SuiteTestClassProcessor.java:62)
	at java.base/jdk.internal.reflect.DirectMethodHandleAccessor.invoke(DirectMethodHandleAccessor.java:104)
	at java.base/java.lang.reflect.Method.invoke(Method.java:577)
	at org.gradle.internal.dispatch.ReflectionDispatch.dispatch(ReflectionDispatch.java:36)
	at org.gradle.internal.dispatch.ReflectionDispatch.dispatch(ReflectionDispatch.java:24)
	at org.gradle.internal.dispatch.ContextClassLoaderDispatch.dispatch(ContextClassLoaderDispatch.java:33)
	at org.gradle.internal.dispatch.ProxyDispatchAdapter$DispatchingInvocationHandler.invoke(ProxyDispatchAdapter.java:94)
	at jdk.proxy2/jdk.proxy2.$Proxy5.stop(Unknown Source)
	at org.gradle.api.internal.tasks.testing.worker.TestWorker$3.run(TestWorker.java:193)
	at org.gradle.api.internal.tasks.testing.worker.TestWorker.executeAndMaintainThreadName(TestWorker.java:129)
	at org.gradle.api.internal.tasks.testing.worker.TestWorker.execute(TestWorker.java:100)
	at org.gradle.api.internal.tasks.testing.worker.TestWorker.execute(TestWorker.java:60)
	at org.gradle.process.internal.worker.child.ActionExecutionWorker.execute(ActionExecutionWorker.java:56)
	at org.gradle.process.internal.worker.child.SystemApplicationClassLoaderWorker.call(SystemApplicationClassLoaderWorker.java:113)
	at org.gradle.process.internal.worker.child.SystemApplicationClassLoaderWorker.call(SystemApplicationClassLoaderWorker.java:65)
	at worker.org.gradle.process.internal.worker.GradleWorkerMain.run(GradleWorkerMain.java:69)
	at worker.org.gradle.process.internal.worker.GradleWorkerMain.main(GradleWorkerMain.java:74)
Caused by: java.lang.IllegalStateException: could not execute helper: security
	... 108 common frames omitted
Caused by: org.postgresql.util.PSQLException: ResultSet not positioned properly, perhaps you need to call next.
	at org.postgresql.jdbc.PgResultSet.getRawValue(PgResultSet.java:3149)
	at org.postgresql.jdbc.PgResultSet.getInt(PgResultSet.java:2387)
	at org.postgresql.jdbc.PgResultSet.getInt(PgResultSet.java:2836)
	at io.github.adven27.concordion.extensions.exam.db.DbHelpers$queryIntFrom$1.invoke(DbPlugin.kt:239)
	at io.github.adven27.concordion.extensions.exam.db.DbHelpers$queryIntFrom$1.invoke(DbPlugin.kt:237)
	at io.github.adven27.concordion.extensions.exam.db.DbTester.useStatement(DbTester.kt:100)
	at io.github.adven27.concordion.extensions.exam.db.DbHelpers.queryIntFrom(DbPlugin.kt:237)
	at specs.DbModelHelpers.security(DbModelHelpers.kt:7)
	at java.base/jdk.internal.reflect.DirectMethodHandleAccessor.invoke(DirectMethodHandleAccessor.java:104)
	at java.base/java.lang.reflect.Method.invoke(Method.java:577)
	at com.github.jknack.handlebars.helper.MethodHelper.apply(MethodHelper.java:79)
	... 106 common frames omitted
12:46:02.549 [Test worker] ERROR o.d.operation.AbstractBatchOperation.execute - execute: Error casting value for table 'SECURITY_ID' and column 'security'
12:46:02.590 [awaitility[Await DB table field_value]] ERROR o.dbunit.assertion.DbUnitAssertBase.compareRowCounts - org.dbunit.assertion.DbComparisonFailure[row count (table=field_value)expected:<2>but was:<0>]
12:46:03.597 [awaitility[Await DB table field_value]] ERROR o.dbunit.assertion.DbUnitAssertBase.compareRowCounts - org.dbunit.assertion.DbComparisonFailure[row count (table=field_value)expected:<2>but was:<3>]
12:46:04.132 [SpringApplicationShutdownHook] INFO  o.s.b.w.e.tomcat.GracefulShutdown.shutDownGracefully - Commencing graceful shutdown. Waiting for active requests to complete
12:46:04.142 [tomcat-shutdown] INFO  o.s.b.w.e.tomcat.GracefulShutdown.doShutdown - Graceful shutdown complete
12:46:04.167 [org.springframework.kafka.KafkaListenerEndpointContainer#3-0-C-1] INFO  o.s.k.l.KafkaMessageListenerContainer.info - securities-api: partitions revoked: [md.security.registry-records.data-0]
12:46:04.167 [org.springframework.kafka.KafkaListenerEndpointContainer#5-0-C-1] INFO  o.s.k.l.KafkaMessageListenerContainer.info - securities-api: partitions revoked: [md.security.data-0]
12:46:04.167 [org.springframework.kafka.KafkaListenerEndpointContainer#0-0-C-1] INFO  o.s.k.l.KafkaMessageListenerContainer.info - securities-api: partitions revoked: [md.security.assets.data-0]
12:46:04.167 [org.springframework.kafka.KafkaListenerEndpointContainer#1-0-C-1] INFO  o.s.k.l.KafkaMessageListenerContainer.info - securities-api: partitions revoked: [md.issuer.events-0]
12:46:04.167 [org.springframework.kafka.KafkaListenerEndpointContainer#2-0-C-1] INFO  o.s.k.l.KafkaMessageListenerContainer.info - securities-api: partitions revoked: [md.security.offers.data-0]
12:46:04.167 [org.springframework.kafka.KafkaListenerEndpointContainer#4-0-C-1] INFO  o.s.k.l.KafkaMessageListenerContainer.info - securities-api: partitions revoked: [md.security.data.batch-0]
12:46:04.201 [org.springframework.kafka.KafkaListenerEndpointContainer#4-0-C-1] INFO  o.s.k.l.KafkaMessageListenerContainer.info - securities-api: Consumer stopped
12:46:04.203 [org.springframework.kafka.KafkaListenerEndpointContainer#2-0-C-1] INFO  o.s.k.l.KafkaMessageListenerContainer.info - securities-api: Consumer stopped
12:46:04.206 [org.springframework.kafka.KafkaListenerEndpointContainer#0-0-C-1] INFO  o.s.k.l.KafkaMessageListenerContainer.info - securities-api: Consumer stopped
12:46:04.207 [org.springframework.kafka.KafkaListenerEndpointContainer#1-0-C-1] INFO  o.s.k.l.KafkaMessageListenerContainer.info - securities-api: Consumer stopped
12:46:04.208 [org.springframework.kafka.KafkaListenerEndpointContainer#3-0-C-1] INFO  o.s.k.l.KafkaMessageListenerContainer.info - securities-api: Consumer stopped
12:46:04.208 [org.springframework.kafka.KafkaListenerEndpointContainer#5-0-C-1] INFO  o.s.k.l.KafkaMessageListenerContainer.info - securities-api: Consumer stopped
12:46:04.352 [SpringApplicationShutdownHook] INFO  com.zaxxer.hikari.HikariDataSource.close - HikariPool-1 - Shutdown initiated...
12:46:04.354 [SpringApplicationShutdownHook] INFO  com.zaxxer.hikari.HikariDataSource.close - HikariPool-1 - Shutdown completed.
